synth-driver-win32.adb:25:21: warning: "Real_Time" is already use-visible through previous use_clause at synth.ads:25
synth-driver-win32.adb:32:06: file "win32-winbase.ads" not found
synth-driver-win32.adb:32:11: warning: unit "Win32.Winbase" is not referenced
synth-driver-win32.adb:32:25: "Win32" is not visible
synth-driver-win32.adb:32:30: "Winbase" not declared in "Win32"
synth-driver-win32.adb:33:06: file "win32-windef.ads" not found
synth-driver-win32.adb:33:11: warning: unit "Win32.Windef" is not referenced
synth-driver-win32.adb:33:24: "Win32" is not visible
synth-driver-win32.adb:33:29: "Windef" not declared in "Win32"
synth-driver-win32.adb:56:25: "to_Address" is not visible (more references follow)
synth-driver-win32.adb:56:25: non-visible declaration at s-stoele.ads:107
synth-driver-win32.adb:64:17: "DWORD" is undefined (more references follow)
synth-driver-win32.adb:64:17: instantiation abandoned
synth-driver-win32.adb:67:17: "LPVOID" is undefined
synth-driver-win32.adb:67:17: instantiation abandoned
synth-driver-win32.adb:72:17: "HGLOBAL" is undefined (more references follow)
synth-driver-win32.adb:72:17: instantiation abandoned
synth-driver-win32.adb:75:17: "LPBYTE" is undefined (more references follow)
synth-driver-win32.adb:75:17: instantiation abandoned
synth-driver-win32.adb:82:38: (style) "in" should be omitted
synth-driver-win32.adb:87:16: "MMRESULT" is undefined (more references follow)
synth-driver-win32.adb:88:19: "BOOL" is undefined
synth-driver-win32.adb:89:07: warning: use clause for package "System" has no effect
synth-driver-win32.adb:93:23: "GlobalUnlock" is undefined (more references follow)
synth-driver-win32.adb:93:47: (style) space required
synth-driver-win32.adb:93:48: invalid prefix in selected component "Buffer"
synth-driver-win32.adb:94:15: "GlobalFree" is undefined (more references follow)
synth-driver-win32.adb:94:34: (style) space required
synth-driver-win32.adb:96:15: "To_System_Address" is undefined (more references follow)
synth-driver-win32.adb:99:80: (style) this line is too long
synth-driver-win32.adb:102:20: "waveOutUnprepareHeader" is undefined
synth-driver-win32.adb:108:47: (style) space required
synth-driver-win32.adb:109:32: (style) space required
synth-driver-win32.adb:111:80: (style) this line is too long
synth-driver-win32.adb:121:48: "to_WIN32_Driver" is undefined
synth-driver-win32.adb:191:09: "To_Access" is undefined
synth-driver-win32.adb:192:12: "GlobalLock" is undefined (more references follow)
synth-driver-win32.adb:192:24: "GlobalAlloc" is undefined (more references follow)
synth-driver-win32.adb:197:80: (style) this line is too long
synth-driver-win32.adb:200:31: left hand side of assignment must be a variable
synth-driver-win32.adb:211:80: (style) this line is too long
synth-driver-win32.adb:217:09: "waveOutOpen" is undefined
synth-driver-win32.adb:222:80: (style) this line is too long
synth-driver-win32.adb:274:09: "to_LPWAVEHDR" is undefined
synth-driver-win32.adb:285:07: invalid prefix in selected component "H"
synth-driver-win32.adb:288:80: (style) this line is too long
synth-driver-win32.adb:290:07: invalid prefix in selected component "H"
synth-driver-win32.adb:293:07: invalid prefix in selected component "H"
synth-driver-win32.adb:293:19: "To_LPBYTE" is undefined
synth-driver-win32.adb:299:10: invalid prefix in selected component "H"
synth-driver-win32.adb:306:43: invalid prefix in selected component "H"
synth-driver-win32.adb:317:09: "waveOutPrepareHeader" is undefined
synth-driver-win32.adb:322:80: (style) this line is too long
synth-driver-win32.adb:349:15: "waveOutWrite" is undefined
synth-driver-win32.adb:378:17: "waveOutClose" is undefined
synth-driver-win32.ads:24:06: file "win32.ads" not found
synth-driver-win32.ads:24:06: "Synth.Driver.Win32 (body)" depends on "Synth.Driver.Win32 (spec)"
synth-driver-win32.ads:24:06: "Synth.Driver.Win32 (spec)" depends on "Win32 (spec)"
synth-driver-win32.ads:24:06: warning: unit "Win32" is not referenced
synth-driver-win32.ads:24:17: "Win32" is undefined (more references follow)
synth-driver-win32.ads:25:06: file "win32-mmsystem.ads" not found
synth-driver-win32.ads:25:06: "Synth.Driver.Win32 (body)" depends on "Synth.Driver.Win32 (spec)"
synth-driver-win32.ads:25:06: "Synth.Driver.Win32 (spec)" depends on "Win32.Mmsystem (spec)"
synth-driver-win32.ads:25:11: warning: unit "Win32.Mmsystem" is not referenced
synth-driver-win32.ads:64:39: not subtype conformant with declaration at line 35
synth-driver-win32.ads:64:39: mode of "Driver" does not match
synth-driver-win32.ads:70:59: "LPWAVEHDR" is undefined (more references follow)
synth-driver-win32.ads:74:17: "PWAVEHDR" is undefined (more references follow)
synth-driver-win32.ads:74:17: instantiation abandoned
synth-driver-win32.ads:77:21: "HWAVEOUT" is undefined (more references follow)
synth-driver-win32.ads:78:13: "LPCWAVEFORMATEX" is undefined (more references follow)
synth-driver-win32.ads:89:44: "UINT" is undefined (more references follow)
synth-driver-win32.ads:90:70: "LPDWORD" is undefined (more references follow)
